<?xml version="1.0" encoding="UTF-8"?>
<!-- Generated by org.testng.reporters.JUnitReportReporter -->
<testsuite hostname="LAPTOP-TRJNHS4M" failures="0" tests="1" name="testcases.SampleReport" time="0.587" errors="0" timestamp="2024-12-05T16:43:07 NZDT" skipped="0">
  <testcase classname="testcases.SampleReport" name="sampleReport" time="0.587"/>
  <system-out/>
</testsuite> <!-- testcases.SampleReport -->
